<?xml version="1.0" encoding="UTF-8"?>
<!-- Generated by org.testng.reporters.JUnitReportReporter -->
<testsuite skipped="0" hostname="OZDEN-iMac.ht.home" name="scripts.TechGlobalRadioButtonsTest" tests="2" failures="0" timestamp="2023-01-22T16:52:33 EST" time="11.811" errors="0">
  <testcase name="languageRadioButtons" time="8.896" classname="scripts.TechGlobalRadioButtonsTest"/>
  <system-out/>
  <testcase name="languageRadioButtons2" time="2.915" classname="scripts.TechGlobalRadioButtonsTest"/>
  <system-out/>
</testsuite> <!-- scripts.TechGlobalRadioButtonsTest -->
