<?xml version="1.0" encoding="UTF-8"?>
<!-- Generated by org.testng.reporters.JUnitReportReporter -->
<testsuite skipped="0" hostname="OZDEN-iMac.local" name="scripts.TechGlobalDynamicElementsTest" tests="1" failures="0" timestamp="2023-01-20T12:22:21 EST" time="2.350" errors="0">
  <testcase name="dynamicElementsTest" time="2.350" classname="scripts.TechGlobalDynamicElementsTest"/>
  <system-out/>
</testsuite> <!-- scripts.TechGlobalDynamicElementsTest -->
