<?xml version="1.0" encoding="UTF-8"?>
<!-- Generated by org.testng.reporters.JUnitReportReporter -->
<testsuite skipped="0" hostname="OZDEN-iMac.ht.home" name="scripts.TechGlobalDynamicElementsTest" tests="1" failures="0" timestamp="2023-01-22T16:52:33 EST" time="2.711" errors="0">
  <testcase name="dynamicElementsTest" time="2.711" classname="scripts.TechGlobalDynamicElementsTest"/>
  <system-out/>
</testsuite> <!-- scripts.TechGlobalDynamicElementsTest -->
