<?xml version="1.0" encoding="UTF-8"?>
<!-- Generated by org.testng.reporters.JUnitReportReporter -->
<testsuite skipped="0" hostname="OZDEN-iMac.local" name="scripts.TechGlobalHeaderTest" tests="2" failures="0" timestamp="2023-01-16T13:15:57 EST" time="3.990" errors="0">
  <testcase name="validateTechGlobalHeaderDropdown" time="1.949" classname="scripts.TechGlobalHeaderTest"/>
  <system-out/>
  <testcase name="validateTechGlobalHeaderDropdownOptions" time="2.041" classname="scripts.TechGlobalHeaderTest"/>
  <system-out/>
</testsuite> <!-- scripts.TechGlobalHeaderTest -->
