<?xml version="1.0" encoding="UTF-8"?>
<!-- Generated by org.testng.reporters.JUnitReportReporter -->
<testsuite skipped="0" hostname="OZDEN-iMac.ht.home" name="scripts.TechGlobalWaitsTest" tests="1" failures="0" timestamp="2023-01-22T16:52:33 EST" time="37.722" errors="0">
  <testcase name="validateRedBox" time="37.722" classname="scripts.TechGlobalWaitsTest"/>
  <system-out/>
</testsuite> <!-- scripts.TechGlobalWaitsTest -->
