<?xml version="1.0" encoding="UTF-8"?>
<!-- Generated by org.testng.reporters.JUnitReportReporter -->
<testsuite skipped="0" hostname="OZDEN-iMac.local" name="scripts.TechGlobalRadioButtonsTest" tests="1" failures="0" timestamp="2023-01-18T20:11:31 EST" time="2.354" errors="0">
  <testcase name="languageRadioButtons" time="2.354" classname="scripts.TechGlobalRadioButtonsTest"/>
  <system-out/>
</testsuite> <!-- scripts.TechGlobalRadioButtonsTest -->
