<?xml version="1.0" encoding="UTF-8"?>
<!-- Generated by org.testng.reporters.JUnitReportReporter -->
<testsuite skipped="0" hostname="OZDEN-iMac.local" name="scripts.TechGlobalCheckBoxTest" tests="2" failures="0" timestamp="2023-01-20T12:22:21 EST" time="9.051" errors="0">
  <testcase name="validateCheckBoxes" time="6.615" classname="scripts.TechGlobalCheckBoxTest"/>
  <system-out/>
  <testcase name="validateCheckBoxes2" time="2.436" classname="scripts.TechGlobalCheckBoxTest"/>
  <system-out/>
</testsuite> <!-- scripts.TechGlobalCheckBoxTest -->
