<?xml version="1.0" encoding="UTF-8"?>
<!-- Generated by org.testng.reporters.JUnitReportReporter -->
<testsuite skipped="0" hostname="OZDEN-iMac.ht.home" name="scripts.TechGlobalCheckBoxTest" tests="2" failures="0" timestamp="2023-01-22T16:52:33 EST" time="10.575" errors="0">
  <testcase name="validateCheckBoxes" time="7.691" classname="scripts.TechGlobalCheckBoxTest"/>
  <system-out/>
  <testcase name="validateCheckBoxes2" time="2.884" classname="scripts.TechGlobalCheckBoxTest"/>
  <system-out/>
</testsuite> <!-- scripts.TechGlobalCheckBoxTest -->
