<?xml version="1.0" encoding="UTF-8"?>
<!-- Generated by org.testng.reporters.JUnitReportReporter -->
<testsuite skipped="0" hostname="OZDEN-iMac.local" name="scripts.TechGlobalRadioButtonsTest" tests="2" failures="0" timestamp="2023-01-20T12:22:21 EST" time="11.664" errors="0">
  <testcase name="languageRadioButtons" time="8.518" classname="scripts.TechGlobalRadioButtonsTest"/>
  <system-out/>
  <testcase name="languageRadioButtons2" time="3.146" classname="scripts.TechGlobalRadioButtonsTest"/>
  <system-out/>
</testsuite> <!-- scripts.TechGlobalRadioButtonsTest -->
