<?xml version="1.0" encoding="UTF-8"?>
<!-- Generated by org.testng.reporters.JUnitReportReporter -->
<testsuite skipped="0" hostname="OZDEN-iMac.local" name="scripts.TechGlobalWaitsTest" tests="1" failures="0" timestamp="2023-01-18T20:11:31 EST" time="37.366" errors="0">
  <testcase name="validateRedBox" time="37.366" classname="scripts.TechGlobalWaitsTest"/>
  <system-out/>
</testsuite> <!-- scripts.TechGlobalWaitsTest -->
